C51 COMPILER V9.01   2                                                                     06/01/2017 20:09:39 PAGE 1   


C51 COMPILER V9.01, COMPILATION OF MODULE 2
OBJECT MODULE PLACED IN 2.OBJ
COMPILER INVOKED BY: D:\windows\Keil_C51\C51\BIN\C51.EXE 2.c LARGE BROWSE DEBUG OBJECTEXTEND

line level    source

   1          
   2          #include<reg52.h>
   3          #include <string.h>     
   4          #include "mfrc522.h"
   5          #define unit unsigned int 
   6          #define uchar unsigned char 
   7          void xunji();   
   8          void S_CARD();  
   9           sbit  L_IN1=P1^0;
  10           sbit  L_IN2=P1^1;
  11           sbit  L_IN3=P1^2;
  12           sbit  L_IN4=P1^3;
  13           sbit  R_IN1=P1^4;
  14           sbit  R_IN2=P1^5;
  15           sbit  R_IN3=P1^6;
  16           sbit  R_IN4=P1^7;
  17          
  18           sbit  switch1=P0^0;
  19           sbit  switch2=P0^1;
  20           sbit  switch3=P0^2;
  21           sbit  switch4=P0^3;
  22           //sbit  beep=P0^4;
  23          
  24           sbit  led1=P1^0;
  25           sbit  led2=P1^1;
  26           //sbit  led3=P0^7;
  27          
  28          
  29          
  30           sbit  Rkey=P3^2;       
  31           sbit  Lkey=P3^3;
  32          
  33          
  34           uchar zkb1=0;
  35           uchar zkb2=0;
  36           
  37           
  38           //定义音阶常量  
  39           /*低音
  40           #define Do 63625 
  41          #define Re 63833    
  42          #define Mi 64104  
  43          #define Fa 64820  
  44          #define Sol 64260  
  45          #define La 64400  
  46          #define Si 64524
  47          */
  48          
  49          #define Do 64580 
  50          #define Re 64685  
  51          #define Mi 64778  
  52          #define Fa 64820  
  53          #define Sol 64898  
  54          #define La 64968  
  55          #define Si 65030  
C51 COMPILER V9.01   2                                                                     06/01/2017 20:09:39 PAGE 2   

  56           
  57           /*高音
  58          #define Do  65058
  59          #define Re 65110  
  60          #define Mi 65157  
  61          #define Fa 65178  
  62          #define Sol 65217  
  63          #define La 64968  
  64          #define Si 65283
  65          */
  66          int scale[]={Do,Re,Mi,Fa,Sol,La,Si};        //定义音阶数组  
  67          char i=0;
  68          
  69          
  70          unsigned char g_ucTempbuf[10];
  71          uchar  mmk[7][4]={{0x63,0x61,0x35,0x8d},{0x33,0xd0,0x99,0x8d},{0x93,0xc2,0x90,0x8d},{0x43,0x19,0x96,0x8d},
             -{0xb3,0xe2,0x9a,0x8d},{0x47,0x7f,0x88,0xab},{0xfb,0xd0,0x19,0x22}};
  72          uchar t;                //定时器的变量
  73          
  74          
  75          void Delay (unit x)      //延时函数
  76           {
  77   1         uchar i;
  78   1               while(x--)
  79   1              {
  80   2               for (i=0;i<70;i++);    
  81   2         }  
  82   1      }
  83          
  84          void speed_init()
  85          {
  86   1              if(switch1==0)  zkb1=10;
  87   1              if(switch2==0)  zkb1=15;
  88   1              if(switch3==0)  zkb1=25;
  89   1              if(switch4==0)  zkb1=30;
  90   1      }
  91           void zhengzhuan()      //正转
  92           {
  93   1      
  94   1              L_IN2= L_IN4=0;
  95   1              L_IN1= L_IN3=1; 
  96   1      
  97   1              R_IN2= R_IN4=0;
  98   1              R_IN1= R_IN3=1;
  99   1               
 100   1       }
 101           void zuozhuan()        //左转
 102           {
 103   1      
 104   1              L_IN2= L_IN4=0;
 105   1              L_IN1= L_IN3=0; 
 106   1      
 107   1              R_IN2= R_IN4=0;
 108   1              R_IN1= R_IN3=1;
 109   1               
 110   1       }
 111            void youzhuan()       //右转
 112           {
 113   1      
 114   1              L_IN2= L_IN4=0;
 115   1              L_IN1= L_IN3=1; 
 116   1      
C51 COMPILER V9.01   2                                                                     06/01/2017 20:09:39 PAGE 3   

 117   1              R_IN2= R_IN4=0;
 118   1              R_IN1= R_IN3=0;
 119   1               
 120   1       }
 121           void stop()
 122           {
 123   1              L_IN2= L_IN4=1;
 124   1              L_IN1= L_IN3=1; 
 125   1      
 126   1              R_IN2= R_IN4=1 ;
 127   1              R_IN1= R_IN3=1;
 128   1       }
 129          
 130           void  init()
 131          {
 132   1              
 133   1              PcdReset();             //复位RC522
 134   1              PcdAntennaOff();        //关闭天线
 135   1              PcdAntennaOn(); //开启天线
 136   1              IT1=0;//外部中断1采用电平触发方式；
 137   1      
 138   1              IT0=0;
 139   1              EX1=1;//开外部中断1
 140   1              EX0=1;//开外部中断0
 141   1      
 142   1              TMOD=0x11;      // 使用定时器0和定时器1
 143   1              TH0=(65536-100)/256; //赋初值1ms
 144   1              TL0=(65536-100)%256;
 145   1              TH1=(65536-50000)/256; //赋初值50ms
 146   1              TL1=(65536-50000)%256;  
 147   1      
 148   1              ET0=1;   //开启定时器0中断
 149   1              TR0=1;  
 150   1              ET1=1;     
 151   1              TR1=0;    //关闭定时器1
 152   1              EA=1;                                     //开总中断
 153   1       }
 154          /***********************主函数***********************/
 155          
 156          void main()
 157          {          
 158   1      
 159   1      
 160   1              P0=0X00;
 161   1      
 162   1              init();
 163   1              speed_init();
 164   1         while(1)
 165   1         {     
 166   2              S_CARD();
 167   2                    
 168   2              }   
 169   1      }
 170          
 171           void int0 (void) interrupt 0 //外部中断0服务函数
 172          {
 173   1              
 174   1              zuozhuan();     
 175   1      }
 176           void int1 (void) interrupt 2 //外部中断1服务函数
 177          {
 178   1              youzhuan();     
C51 COMPILER V9.01   2                                                                     06/01/2017 20:09:39 PAGE 4   

 179   1      }
 180          
 181          void S_CARD()
 182          {          unsigned char status,i=0;
 183   1                 unsigned char m,x,temp;
 184   1              status = PcdRequest(PICC_REQALL, g_ucTempbuf);//寻卡
 185   1      
 186   1              if (status == MI_OK)
 187   1              {  //  TR1=1;     //开启定时器1  
 188   2                      led1=1;
 189   2                      status = PcdAnticoll(g_ucTempbuf);//防冲撞
 190   2                      if (status == MI_OK)
 191   2                      {    
 192   3                      for(x=0;x<7;x++)//对卡号进行验证，是否为已注册的卡
 193   3                      {
 194   4                                temp=0;
 195   4                                for(m=0;m<4;m++)   
 196   4                                {
 197   5                                        if(mmk[x][m] ==g_ucTempbuf[m] )
 198   5                                        {
 199   6                                                 temp++;
 200   6                                        }
 201   5                                        if(g_ucTempbuf[m] !=mmk[x][m] )
 202   5                                        {                                                     
 203   6                                                        break;                        
 204   6                                        }
 205   5                                }
 206   4                                if(temp>=4)  //卡号认证成功
 207   4                                {
 208   5                                         i=x;
 209   5                                        switch (i)
 210   5                                        {
 211   6                                                case 0:led1=1;        break;
 212   6                                                case 1:led2=1;        break;
 213   6                                      //        case 2:led3=1;        break;
 214   6                                                case 3:led1=1;led2=1; break;
 215   6                                      //        case 4:led2=2;led3=1; break;
 216   6                                      //        case 5:led1=1;led3=1; break;
 217   6                                      //        case 6:led1=1;led2=1;led3=1;  break;
 218   6                                                default :break;
 219   6                                        }
 220   5                                      
 221   5                                         break;
 222   5                                }                                           
 223   4                      }
 224   3                      TR1=1;    //开启定时器1 
 225   3                      ET1=1;          
 226   3                      }
 227   2                      Delay(100);
 228   2                      status = PcdSelect(g_ucTempbuf);//选定卡片
 229   2              
 230   2                      PcdHalt();//卡休眠  
 231   2              
 232   2                      TR1=0;    //关闭定时器1
 233   2                      ET1=0;
 234   2                      P0=0X00;
 235   2              
 236   2      }                       
 237   1      }
 238          void T0_time(void) interrupt 1 //定时器0中断服务函数
 239          {
 240   1              
C51 COMPILER V9.01   2                                                                     06/01/2017 20:09:39 PAGE 5   

 241   1              TH0=(65535-99)/256; //赋初值
 242   1              TL0=(65535-99)%256; 
 243   1              t++;
 244   1              if(t<zkb1)
 245   1              { 
 246   2                      zhengzhuan();
 247   2              }
 248   1              else
 249   1              {
 250   2                      stop();
 251   2              }        
 252   1              if(t>99)
 253   1              t=0;    
 254   1      }       
 255          
 256          
 257          void T1_time() interrupt 3
 258          {  
 259   1        TH1= scale[i]/256; //赋初值50ms
 260   1        TL1= scale[i]%256; 
 261   1      //      beep=~beep;      
 262   1      }


MODULE INFORMATION:   STATIC OVERLAYABLE
   CODE SIZE        =    533    ----
   CONSTANT SIZE    =   ----    ----
   XDATA SIZE       =     56       1
   PDATA SIZE       =   ----    ----
   DATA SIZE        =   ----    ----
   IDATA SIZE       =   ----    ----
   BIT SIZE         =   ----    ----
END OF MODULE INFORMATION.


C51 COMPILATION COMPLETE.  0 WARNING(S),  0 ERROR(S)
