C51 COMPILER V9.01   CESHIUU                                                               06/02/2017 08:42:48 PAGE 1   


C51 COMPILER V9.01, COMPILATION OF MODULE CESHIUU
OBJECT MODULE PLACED IN ceshiuu.OBJ
COMPILER INVOKED BY: D:\windows\Keil_C51\C51\BIN\C51.EXE ceshiuu.c LARGE BROWSE DEBUG OBJECTEXTEND

line level    source

   1          #include<reg52.h>
   2          #include <string.h>     
   3          #include "mfrc522.h"
   4          
   5          
   6          #define unint unsigned int
   7          #define unchar unsigned char
   8          #define uchar unsigned char
   9          #define uint unsigned int
  10          
  11          sbit ENA = P2^7;
  12          sbit ENB = P2^6;                                    
  13          sbit IN1 = P2^2;
  14          sbit IN2 = P2^3;
  15          sbit IN3 = P2^4;
  16          sbit IN4 = P2^5;
  17          sbit jiance1 = P2^0;  //循迹模块
  18          sbit jiance2 = P2^1;  //循迹模块
  19          
  20          sbit K1 = P0^0;
  21          sbit K2 = P0^1;
  22          sbit K3 = P0^2;
  23          
  24          sbit led1 = P1^0;
  25          sbit led2 = P1^1;
  26          sbit led3 = P1^7;
  27          int time1 = 0,PWM1  ,PWM2 ;
  28          void zhengzhuan();
  29          void youzhuan();
  30          void zuozhuan();
  31          void xunji();
  32          void TimeConfig();
  33          void S_CARD();
  34          
  35          
  36          unsigned char g_ucTempbuf[10];
  37          uchar  mmk[7][4]={{0x63,0x61,0x35,0x8d},
  38                                          {0x33,0xd0,0x99,0x8d},          
  39                                          {0x93,0xc2,0x90,0x8d},
  40                                          {0x43,0x19,0x96,0x8d},{0xb3,0xe2,0x9a,0x8d},{0x47,0x7f,0x88,0xab},{0xfb,0xd0,0x19,0x22}};
  41          
  42          
  43          void Delay (uint x)      //延时函数
  44           {
  45   1         uchar i;
  46   1               while(x--)
  47   1              {
  48   2               for (i=0;i<70;i++);    
  49   2         }  
  50   1      }
  51          
  52           void speedint()
  53           {
  54   1              if( K1 == 0 )
  55   1                { PWM1 = 15;
C51 COMPILER V9.01   CESHIUU                                                               06/02/2017 08:42:48 PAGE 2   

  56   2                  PWM2 = 15;
  57   2                }
  58   1                      if( K2 == 0 )
  59   1                { PWM1 = 25;
  60   2                  PWM2 = 25;
  61   2                }
  62   1                      if( K3 == 0 )
  63   1                { PWM1 = 30;
  64   2                  PWM2 = 30;
  65   2                }
  66   1       }
  67          void main()
  68          {        
  69   1              TimeConfig();
  70   1              speedint();
  71   1          led1 = 1;
  72   1          led2 = 1;
  73   1              led3 = 1;
  74   1              ENA = 1;
  75   1              ENB = 1;
  76   1              while(1)
  77   1              { 
  78   2              xunji();
  79   2              S_CARD();
  80   2              } 
  81   1      }
  82          void S_CARD()
  83          {       unsigned char status,i=0;
  84   1                 unsigned char m,x,temp;
  85   1              status = PcdRequest(PICC_REQALL, g_ucTempbuf);//寻卡
  86   1      
  87   1              if (status == MI_OK)
  88   1              { 
  89   2                      status = PcdAnticoll(g_ucTempbuf);//防冲撞
  90   2                      if (status == MI_OK)
  91   2                      {    
  92   3                      for(x=0;x<7;x++)//对卡号进行验证，是否为已注册的卡
  93   3                      {
  94   4                                temp=0;
  95   4                                for(m=0;m<4;m++)   
  96   4                                {
  97   5                                        if(mmk[x][m] ==g_ucTempbuf[m] )
  98   5                                        {
  99   6                                                 temp++;
 100   6                                        }
 101   5                                        if(g_ucTempbuf[m] !=mmk[x][m] )
 102   5                                        {                                                     
 103   6                                                        break;                        
 104   6                                        }
 105   5                                }
 106   4                                if(temp>=4)  //卡号认证成功
 107   4                                {
 108   5                                         i=x;
 109   5                                        switch (i)
 110   5                                        {
 111   6                                                case 0:led1=1;led2=0; led3 = 0;break;
 112   6                                                case 1:led1=0;led2=1; led3 = 0;break;
 113   6                                                case 2:led1=0;led2=0; led3 = 1;break;
 114   6      
 115   6                                                case 3:led1=1;led2=1; led3 = 0;break;
 116   6                                                case 4:led1=0;led2=1; led3 = 1;break;
 117   6                                                case 5:led1=1;led2=0; led3 = 1;break;
C51 COMPILER V9.01   CESHIUU                                                               06/02/2017 08:42:48 PAGE 3   

 118   6      
 119   6                                                case 6:led1=1;led2=1; led3 = 1;break;
 120   6                                               // case 3:led1=1;led2=1;       break;
 121   6                                                //case 4:led2=2;led3=1;       break;
 122   6                                               // case 5:led1=1;led3=1;       break;
 123   6                                                //case 6:led1=1;led2=1;led3=1;        break;
 124   6                                                default :break;
 125   6                                        }
 126   5                                      
 127   5                                         break;
 128   5                                }                                           
 129   4                      }
 130   3                      
 131   3                      }
 132   2                      Delay(10);
 133   2                      status = PcdSelect(g_ucTempbuf);//选定卡片
 134   2              
 135   2                      PcdHalt();//卡休眠  
 136   2      //              P0=0X00;
 137   2              
 138   2      }                       
 139   1      }
 140          void  TimeConfig()
 141          {
 142   1          PcdReset();         //?′??RC522
 143   1              PcdAntennaOff();        //关闭天线
 144   1              PcdAntennaOn(); //开启天线
 145   1      
 146   1      
 147   1              TMOD = 0x01;            //定时器0工作方式1
 148   1              TH0 = 0xff;
 149   1              TL0 = 0x38;                     //装入定时器初值定时50ms
 150   1      
 151   1              ET0 = 1;                        //定时器0中断允许
 152   1              TR0 = 1; 
 153   1      
 154   1              EA  = 1;                                //总中断允许
 155   1      }
 156          
 157          
 158          void zhengzhuan()
 159          {
 160   1        IN1=1;
 161   1        IN2=0;
 162   1        IN3=1;
 163   1        IN4=0;
 164   1      }
 165          void zuozhuan()
 166          {
 167   1        IN1=1;
 168   1        IN2=0;
 169   1        IN3=0;
 170   1        IN4=1;
 171   1      }
 172          void youzhuan()
 173          {
 174   1         IN1=0;
 175   1         IN2=1;
 176   1         IN3=1;
 177   1         IN4=0;
 178   1       }
 179          
C51 COMPILER V9.01   CESHIUU                                                               06/02/2017 08:42:48 PAGE 4   

 180          
 181          
 182          void xunji()
 183          {
 184   1                      zhengzhuan();
 185   1                      while(jiance1==0&&jiance2==1)
 186   1                      {
 187   2                              zuozhuan();     
 188   2                      //      PWM1 = 35;
 189   2                      //      PWM2 = 25;
 190   2                      }    
 191   1                      while(jiance1==1&&jiance2==0)
 192   1                      {
 193   2                              youzhuan();
 194   2                      //      PWM2 = 35;
 195   2                      //      PWM1 = 25;
 196   2                      }
 197   1                      while(jiance1==1&&jiance2==1)
 198   1                      {
 199   2                       IN1=0;
 200   2               IN2=0;
 201   2               IN3=0;
 202   2               IN4=0;
 203   2                      }
 204   1                      //PWM1 = 30;
 205   1              //      PWM2 = 30;                              
 206   1      }
 207          
 208          
 209          
 210          void time0Init(void) interrupt 1     //定时器0中断服务函数
 211          {
 212   1              TH0 = 0xFF;
 213   1              TL0 = 0x38;
 214   1              time1++;
 215   1              if(!(time1 - 100) )
 216   1              time1 = 0;      
 217   1              if( time1 < PWM1 )
 218   1              {
 219   2                      ENA =1; 
 220   2              }else{
 221   2                      ENA =0;         
 222   2              }
 223   1      
 224   1              if( time1 < PWM2 )
 225   1              {
 226   2                 ENB = 1;     
 227   2              }else{
 228   2                  ENB = 0;                    
 229   2              }                               
 230   1      }       
 231          


MODULE INFORMATION:   STATIC OVERLAYABLE
   CODE SIZE        =    548    ----
   CONSTANT SIZE    =   ----    ----
   XDATA SIZE       =     44       1
   PDATA SIZE       =   ----    ----
   DATA SIZE        =   ----    ----
   IDATA SIZE       =   ----    ----
   BIT SIZE         =   ----    ----
C51 COMPILER V9.01   CESHIUU                                                               06/02/2017 08:42:48 PAGE 5   

END OF MODULE INFORMATION.


C51 COMPILATION COMPLETE.  0 WARNING(S),  0 ERROR(S)
